TN:tests_tests_fib
SF:/home/danil/vscode/cpp_projects/Cpp_course/homeworks/hw_1/project/func/all_functions.c
FN:4,create_post
FNDA:5,create_post
FN:24,get_head_of_post
FNDA:1,get_head_of_post
FN:27,get_body_of_post
FNDA:1,get_body_of_post
FN:30,get_num_of_tags
FNDA:1,get_num_of_tags
FN:33,get_tags_arr
FNDA:1,get_tags_arr
FN:36,get_date
FNDA:1,get_date
FN:39,get_comments
FNDA:1,get_comments
FN:42,get_dates_of_comment
FNDA:1,get_dates_of_comment
FN:45,get_scores
FNDA:1,get_scores
FN:49,add_comment
FNDA:3,add_comment
FN:72,add_rate
FNDA:1,add_rate
FN:85,find_post_with_high_comm
FNDA:2,find_post_with_high_comm
DA:4,5
DA:7,5
DA:8,5
DA:9,5
DA:10,5
DA:11,5
DA:12,5
DA:13,5
DA:14,5
DA:15,5
DA:16,5
DA:17,5
DA:18,5
DA:19,5
DA:20,5
DA:21,5
DA:22,5
DA:24,1
DA:25,1
DA:27,1
DA:28,1
DA:30,1
DA:31,1
DA:33,1
DA:34,1
DA:36,1
DA:37,1
DA:39,1
DA:40,1
DA:42,1
DA:43,1
DA:45,1
DA:46,1
DA:49,3
DA:51,3
DA:52,93
DA:53,90
DA:55,3
DA:56,93
DA:57,90
DA:59,5
DA:60,2
DA:61,2
DA:63,9
DA:64,6
DA:65,6
DA:67,3
DA:68,3
DA:69,3
DA:70,3
DA:72,1
DA:74,1
DA:75,1
DA:76,0
DA:78,4
DA:79,3
DA:81,1
DA:82,1
DA:83,1
DA:85,2
DA:86,2
DA:90,6
DA:91,4
DA:92,4
DA:93,4
DA:94,4
DA:95,4
DA:96,12
DA:97,8
DA:98,8
DA:99,8
DA:100,8
DA:101,8
DA:102,8
DA:105,4
DA:106,2
DA:109,2
DA:110,2
DA:111,6
DA:112,4
DA:113,4
DA:114,4
DA:115,4
DA:116,4
DA:117,12
DA:118,8
DA:119,8
DA:120,8
DA:121,8
DA:122,8
DA:123,8
DA:126,4
DA:127,2
DA:128,2
DA:131,2
DA:132,2
end_of_record
